<?xml version="1.0" encoding="UTF-8"?>
<!-- Generated by org.testng.reporters.JUnitReportReporter -->
<testsuite skipped="6" hostname="Soumajits-MacBook-Pro.local" name="com.pj.loyalty.testcases.HomePageTestCase" tests="7" failures="0" timestamp="25 Apr 2018 01:15:15 GMT" time="2.920" errors="1">
  <testcase name="setUp" time="2.914" classname="com.pj.loyalty.testcases.HomePageTestCase">
    <error type="org.openqa.selenium.InvalidArgumentException" message="Malformed URL: =https://www.papajohns.com is not a valid URL.
Build info: version: &#039;3.5.3&#039;, revision: &#039;a88d25fe6b&#039;, time: &#039;2017-08-29T12:42:44.417Z&#039;
System info: host: &#039;Soumajits-MacBook-Pro.local&#039;, ip: &#039;2601:243:1500:f58d:0:0:0:7275&#039;, os.name: &#039;Mac OS X&#039;, os.arch: &#039;x86_64&#039;, os.version: &#039;10.13.4&#039;, java.version: &#039;1.8.0_131&#039;
Driver info: org.openqa.selenium.firefox.FirefoxDriver
Capabilities [{moz:profile=/var/folders/yl/gkb5jkr92zzc90vgtdxgfyfm0000gn/T/rust_mozprofile.4a3u9CjLH122, rotatable=false, timeouts={implicit=0, pageLoad=300000, script=30000}, pageLoadStrategy=normal, moz:headless=false, platform=MAC, moz:accessibilityChecks=false, moz:useNonSpecCompliantPointerOrigin=false, acceptInsecureCerts=false, browserVersion=59.0.2, platformVersion=17.5.0, moz:processID=5929, browserName=firefox, javascriptEnabled=true, platformName=MAC, moz:webdriverClick=true}]
Session ID: 7dfe242f-3c59-e649-82bb-0fa7bb582701">
      <![CDATA[org.openqa.selenium.InvalidArgumentException: Malformed URL: =https://www.papajohns.com is not a valid URL.
Build info: version: '3.5.3', revision: 'a88d25fe6b', time: '2017-08-29T12:42:44.417Z'
System info: host: 'Soumajits-MacBook-Pro.local', ip: '2601:243:1500:f58d:0:0:0:7275', os.name: 'Mac OS X', os.arch: 'x86_64', os.version: '10.13.4', java.version: '1.8.0_131'
Driver info: org.openqa.selenium.firefox.FirefoxDriver
Capabilities [{moz:profile=/var/folders/yl/gkb5jkr92zzc90vgtdxgfyfm0000gn/T/rust_mozprofile.4a3u9CjLH122, rotatable=false, timeouts={implicit=0, pageLoad=300000, script=30000}, pageLoadStrategy=normal, moz:headless=false, platform=MAC, moz:accessibilityChecks=false, moz:useNonSpecCompliantPointerOrigin=false, acceptInsecureCerts=false, browserVersion=59.0.2, platformVersion=17.5.0, moz:processID=5929, browserName=firefox, javascriptEnabled=true, platformName=MAC, moz:webdriverClick=true}]
Session ID: 7dfe242f-3c59-e649-82bb-0fa7bb582701
	at sun.reflect.NativeConstructorAccessorImpl.newInstance0(Native Method)
	at sun.reflect.NativeConstructorAccessorImpl.newInstance(NativeConstructorAccessorImpl.java:62)
	at sun.reflect.DelegatingConstructorAccessorImpl.newInstance(DelegatingConstructorAccessorImpl.java:45)
	at java.lang.reflect.Constructor.newInstance(Constructor.java:423)
	at org.openqa.selenium.remote.http.W3CHttpResponseCodec.createException(W3CHttpResponseCodec.java:185)
	at org.openqa.selenium.remote.http.W3CHttpResponseCodec.decode(W3CHttpResponseCodec.java:120)
	at org.openqa.selenium.remote.http.W3CHttpResponseCodec.decode(W3CHttpResponseCodec.java:49)
	at org.openqa.selenium.remote.HttpCommandExecutor.execute(HttpCommandExecutor.java:164)
	at org.openqa.selenium.remote.service.DriverCommandExecutor.execute(DriverCommandExecutor.java:82)
	at org.openqa.selenium.remote.RemoteWebDriver.execute(RemoteWebDriver.java:646)
	at org.openqa.selenium.remote.RemoteWebDriver.get(RemoteWebDriver.java:370)
	at sun.reflect.NativeMethodAccessorImpl.invoke0(Native Method)
	at sun.reflect.NativeMethodAccessorImpl.invoke(NativeMethodAccessorImpl.java:62)
	at sun.reflect.DelegatingMethodAccessorImpl.invoke(DelegatingMethodAccessorImpl.java:43)
	at java.lang.reflect.Method.invoke(Method.java:498)
	at org.openqa.selenium.support.events.EventFiringWebDriver$2.invoke(EventFiringWebDriver.java:105)
	at com.sun.proxy.$Proxy8.get(Unknown Source)
	at org.openqa.selenium.support.events.EventFiringWebDriver.get(EventFiringWebDriver.java:164)
	at com.pj.loyalty.base.TestBase.initialization(TestBase.java:63)
	at com.pj.loyalty.testcases.HomePageTestCase.setUp(HomePageTestCase.java:25)
	at sun.reflect.NativeMethodAccessorImpl.invoke0(Native Method)
	at sun.reflect.NativeMethodAccessorImpl.invoke(NativeMethodAccessorImpl.java:62)
	at sun.reflect.DelegatingMethodAccessorImpl.invoke(DelegatingMethodAccessorImpl.java:43)
	at java.lang.reflect.Method.invoke(Method.java:498)
	at org.testng.internal.MethodInvocationHelper.invokeMethod(MethodInvocationHelper.java:108)
	at org.testng.internal.Invoker.invokeConfigurationMethod(Invoker.java:523)
	at org.testng.internal.Invoker.invokeConfigurations(Invoker.java:224)
	at org.testng.internal.Invoker.invokeMethod(Invoker.java:599)
	at org.testng.internal.Invoker.invokeTestMethod(Invoker.java:869)
	at org.testng.internal.Invoker.invokeTestMethods(Invoker.java:1193)
	at org.testng.internal.TestMethodWorker.invokeTestMethods(TestMethodWorker.java:126)
	at org.testng.internal.TestMethodWorker.run(TestMethodWorker.java:109)
	at org.testng.TestRunner.privateRun(TestRunner.java:744)
	at org.testng.TestRunner.run(TestRunner.java:602)
	at org.testng.SuiteRunner.runTest(SuiteRunner.java:380)
	at org.testng.SuiteRunner.runSequentially(SuiteRunner.java:375)
	at org.testng.SuiteRunner.privateRun(SuiteRunner.java:340)
	at org.testng.SuiteRunner.run(SuiteRunner.java:289)
	at org.testng.SuiteRunnerWorker.runSuite(SuiteRunnerWorker.java:52)
	at org.testng.SuiteRunnerWorker.run(SuiteRunnerWorker.java:86)
	at org.testng.TestNG.runSuitesSequentially(TestNG.java:1301)
	at org.testng.TestNG.runSuitesLocally(TestNG.java:1226)
	at org.testng.TestNG.runSuites(TestNG.java:1144)
	at org.testng.TestNG.run(TestNG.java:1115)
	at org.testng.remote.AbstractRemoteTestNG.run(AbstractRemoteTestNG.java:114)
	at org.testng.remote.RemoteTestNG.initAndRun(RemoteTestNG.java:251)
	at org.testng.remote.RemoteTestNG.main(RemoteTestNG.java:77)
]]>
    </error>
  </testcase> <!-- setUp -->
  <testcase name="verifyEnglishLocale" time="0.000" classname="com.pj.loyalty.testcases.HomePageTestCase">
    <skipped/>
  </testcase> <!-- verifyEnglishLocale -->
  <testcase name="verifyHomePageEnglishTitleTest" time="0.000" classname="com.pj.loyalty.testcases.HomePageTestCase">
    <skipped/>
  </testcase> <!-- verifyHomePageEnglishTitleTest -->
  <testcase name="verifySpanishLocale" time="0.000" classname="com.pj.loyalty.testcases.HomePageTestCase">
    <skipped/>
  </testcase> <!-- verifySpanishLocale -->
  <testcase name="verifyHomePageSpanishTitleTest" time="0.000" classname="com.pj.loyalty.testcases.HomePageTestCase">
    <skipped/>
  </testcase> <!-- verifyHomePageSpanishTitleTest -->
  <testcase name="verifyLoginTest" time="0.006" classname="com.pj.loyalty.testcases.HomePageTestCase">
    <skipped/>
  </testcase> <!-- verifyLoginTest -->
  <testcase name="verifyLoginTest" time="0.000" classname="com.pj.loyalty.testcases.HomePageTestCase">
    <skipped/>
  </testcase> <!-- verifyLoginTest -->
</testsuite> <!-- com.pj.loyalty.testcases.HomePageTestCase -->
